Logged in as Meow Meow ðŸ™€#6007
### LOGGED IN AS Meow Meow ðŸ™€#6007, guild: bot testing ###
### LOGGED IN AS Meow Meow ðŸ™€#6007, guild: i had sex.. ###
[vm.tiktok] t: Downloading webpage
Logged in as Meow Meow ðŸ™€#6007
### LOGGED IN AS Meow Meow ðŸ™€#6007, guild: bot testing ###
### LOGGED IN AS Meow Meow ðŸ™€#6007, guild: i had sex.. ###
tiktok found in message
https://vm.tiktok.com/t/ZTRCa63Qk/
[TikTok] 7170757683241422123: Downloading video feed
[info] 7170757683241422123: Downloading 1 format(s): download_addr-0
[download] Destination: ./dltiktok.mp4
[download]   0.1% of    1.39MiB at  Unknown B/s ETA Unknown[download]   0.2% of    1.39MiB at    1.74MiB/s ETA 00:00  [download]   0.5% of    1.39MiB at    2.59MiB/s ETA 00:00[download]   1.1% of    1.39MiB at    4.21MiB/s ETA 00:00[download]   2.2% of    1.39MiB at    6.43MiB/s ETA 00:00[download]   4.4% of    1.39MiB at    2.27MiB/s ETA 00:00[download]   8.9% of    1.39MiB at    2.34MiB/s ETA 00:00[download]  17.9% of    1.39MiB at    3.08MiB/s ETA 00:00[download]  35.9% of    1.39MiB at    3.88MiB/s ETA 00:00[download]  71.8% of    1.39MiB at    4.53MiB/s ETA 00:00[download] 100.0% of    1.39MiB at    4.72MiB/s ETA 00:00[download] 100% of    1.39MiB in 00:00:00 at 1.48MiB/s   
[vm.tiktok] t: Downloading webpage
tiktok found in message
https://vm.tiktok.com/t/ZTRCaVELm/
[TikTok] 7169263362889583878: Downloading video feed
[info] 7169263362889583878: Downloading 1 format(s): download_addr-0
[download] Destination: ./dltiktok.mp4
[download]   0.2% of  516.11KiB at  Unknown B/s ETA Unknown[download]   0.6% of  516.11KiB at    1.92MiB/s ETA 00:00  [download]   1.4% of  516.11KiB at    2.73MiB/s ETA 00:00[download]   2.9% of  516.11KiB at    3.96MiB/s ETA 00:00[download]   6.0% of  516.11KiB at    5.63MiB/s ETA 00:00[download]  12.2% of  516.11KiB at    2.18MiB/s ETA 00:00[download]  24.6% of  516.11KiB at    2.22MiB/s ETA 00:00[download]  49.4% of  516.11KiB at    3.07MiB/s ETA 00:00[download]  99.0% of  516.11KiB at    3.41MiB/s ETA 00:00[download] 100.0% of  516.11KiB at    3.40MiB/s ETA 00:00[download] 100% of  516.11KiB in 00:00:01 at 513.89KiB/s 
[vm.tiktok] t: Downloading webpage
['<@356268235697553409>']
tiktok found in message
https://vm.tiktok.com/t/ZTRCun3jR/
[TikTok] 7171138651798162731: Downloading video feed
[info] 7171138651798162731: Downloading 1 format(s): download_addr-0
[download] Destination: ./dltiktok.mp4
[download]   0.1% of    1.41MiB at  127.21KiB/s ETA 00:11[download]   0.2% of    1.41MiB at  340.78KiB/s ETA 00:04[download]   0.5% of    1.41MiB at  731.46KiB/s ETA 00:01[download]   1.0% of    1.41MiB at    1.40MiB/s ETA 00:00[download]   2.1% of    1.41MiB at    2.57MiB/s ETA 00:00[download]   4.4% of    1.41MiB at    2.19MiB/s ETA 00:00[download]   8.8% of    1.41MiB at    2.30MiB/s ETA 00:00[download]  17.7% of    1.41MiB at    2.94MiB/s ETA 00:00[download]  35.4% of    1.41MiB at    3.81MiB/s ETA 00:00[download]  70.9% of    1.41MiB at    4.42MiB/s ETA 00:00[download] 100.0% of    1.41MiB at    4.93MiB/s ETA 00:00[download] 100% of    1.41MiB in 00:00:00 at 1.46MiB/s   
[vm.tiktok] t: Downloading webpage
tiktok found in message
https://vm.tiktok.com/t/ZTRCu7hSC/
[TikTok] 7163287891739725098: Downloading video feed
[info] 7163287891739725098: Downloading 1 format(s): download_addr-0
[download] Destination: ./dltiktok.mp4
[download]   0.0% of    2.88MiB at  Unknown B/s ETA Unknown[download]   0.1% of    2.88MiB at    1.65MiB/s ETA 00:01  [download]   0.2% of    2.88MiB at    1.45MiB/s ETA 00:01[download]   0.5% of    2.88MiB at    1.85MiB/s ETA 00:01[download]   1.1% of    2.88MiB at    2.27MiB/s ETA 00:01[download]   2.1% of    2.88MiB at    1.58MiB/s ETA 00:01[download]   4.3% of    2.88MiB at    2.02MiB/s ETA 00:01[download]   8.7% of    2.88MiB at    3.20MiB/s ETA 00:00[download]  17.3% of    2.88MiB at    3.76MiB/s ETA 00:00[download]  34.7% of    2.88MiB at    4.56MiB/s ETA 00:00[download]  69.5% of    2.88MiB at    5.25MiB/s ETA 00:00[download] 100.0% of    2.88MiB at    5.46MiB/s ETA 00:00[download] 100% of    2.88MiB in 00:00:01 at 1.84MiB/s   
Ignoring exception in command <nextcord.application_command.SlashApplicationCommand object at 0x7fac2d7250>:
Traceback (most recent call last):
  File "/home/ootami/catenv/lib/python3.9/site-packages/nextcord/application_command.py", line 906, in invoke_callback_with_hooks
    await self(interaction, *args, **kwargs)
  File "/home/ootami/smirkcat/smirkcat.py", line 152, in avatar
    await interaction.send(file=file, embed=embed)
  File "/home/ootami/catenv/lib/python3.9/site-packages/nextcord/interactions.py", line 559, in send
    return await self.response.send_message(
  File "/home/ootami/catenv/lib/python3.9/site-packages/nextcord/interactions.py", line 888, in send_message
    await adapter.create_interaction_response(
  File "/home/ootami/catenv/lib/python3.9/site-packages/nextcord/webhook/async_.py", line 204, in request
    raise NotFound(response, data)
nextcord.errors.NotFound: 404 Not Found (error code: 10062): Unknown interaction

The above exception was the direct cause of the following exception:

nextcord.errors.ApplicationInvokeError: Command raised an exception: NotFound: 404 Not Found (error code: 10062): Unknown interaction
['<@264989823176146945>']
['<@936097488551702578>']
contains your mom
YM same or YM
YM same or YM
YM same or YM
YM same or YM
['maryann']
['maryann']
['lovelyanne']
['lovelyanne']
Logged in as Meow Meow ðŸ™€#6007
### LOGGED IN AS Meow Meow ðŸ™€#6007, guild: bot testing ###
### LOGGED IN AS Meow Meow ðŸ™€#6007, guild: i had sex.. ###
