Logged in as Meow Meow ðŸ™€#6007
### LOGGED IN AS Meow Meow ðŸ™€#6007, guild: bot testing ###
### LOGGED IN AS Meow Meow ðŸ™€#6007, guild: i had sex.. ###
[vm.tiktok] t: Downloading webpage
Logged in as Meow Meow ðŸ™€#6007
### LOGGED IN AS Meow Meow ðŸ™€#6007, guild: bot testing ###
### LOGGED IN AS Meow Meow ðŸ™€#6007, guild: i had sex.. ###
tiktok found in message
https://vm.tiktok.com/t/ZTRCa63Qk/
[TikTok] 7170757683241422123: Downloading video feed
[info] 7170757683241422123: Downloading 1 format(s): download_addr-0
[download] Destination: ./dltiktok.mp4
[download]   0.1% of    1.39MiB at  Unknown B/s ETA Unknown[download]   0.2% of    1.39MiB at    1.74MiB/s ETA 00:00  [download]   0.5% of    1.39MiB at    2.59MiB/s ETA 00:00[download]   1.1% of    1.39MiB at    4.21MiB/s ETA 00:00[download]   2.2% of    1.39MiB at    6.43MiB/s ETA 00:00[download]   4.4% of    1.39MiB at    2.27MiB/s ETA 00:00[download]   8.9% of    1.39MiB at    2.34MiB/s ETA 00:00[download]  17.9% of    1.39MiB at    3.08MiB/s ETA 00:00[download]  35.9% of    1.39MiB at    3.88MiB/s ETA 00:00[download]  71.8% of    1.39MiB at    4.53MiB/s ETA 00:00[download] 100.0% of    1.39MiB at    4.72MiB/s ETA 00:00[download] 100% of    1.39MiB in 00:00:00 at 1.48MiB/s   
[vm.tiktok] t: Downloading webpage
tiktok found in message
https://vm.tiktok.com/t/ZTRCaVELm/
[TikTok] 7169263362889583878: Downloading video feed
[info] 7169263362889583878: Downloading 1 format(s): download_addr-0
[download] Destination: ./dltiktok.mp4
[download]   0.2% of  516.11KiB at  Unknown B/s ETA Unknown[download]   0.6% of  516.11KiB at    1.92MiB/s ETA 00:00  [download]   1.4% of  516.11KiB at    2.73MiB/s ETA 00:00[download]   2.9% of  516.11KiB at    3.96MiB/s ETA 00:00[download]   6.0% of  516.11KiB at    5.63MiB/s ETA 00:00[download]  12.2% of  516.11KiB at    2.18MiB/s ETA 00:00[download]  24.6% of  516.11KiB at    2.22MiB/s ETA 00:00[download]  49.4% of  516.11KiB at    3.07MiB/s ETA 00:00[download]  99.0% of  516.11KiB at    3.41MiB/s ETA 00:00[download] 100.0% of  516.11KiB at    3.40MiB/s ETA 00:00[download] 100% of  516.11KiB in 00:00:01 at 513.89KiB/s 
[vm.tiktok] t: Downloading webpage
['<@356268235697553409>']
tiktok found in message
https://vm.tiktok.com/t/ZTRCun3jR/
[TikTok] 7171138651798162731: Downloading video feed
[info] 7171138651798162731: Downloading 1 format(s): download_addr-0
[download] Destination: ./dltiktok.mp4
[download]   0.1% of    1.41MiB at  127.21KiB/s ETA 00:11[download]   0.2% of    1.41MiB at  340.78KiB/s ETA 00:04[download]   0.5% of    1.41MiB at  731.46KiB/s ETA 00:01[download]   1.0% of    1.41MiB at    1.40MiB/s ETA 00:00[download]   2.1% of    1.41MiB at    2.57MiB/s ETA 00:00[download]   4.4% of    1.41MiB at    2.19MiB/s ETA 00:00[download]   8.8% of    1.41MiB at    2.30MiB/s ETA 00:00[download]  17.7% of    1.41MiB at    2.94MiB/s ETA 00:00[download]  35.4% of    1.41MiB at    3.81MiB/s ETA 00:00[download]  70.9% of    1.41MiB at    4.42MiB/s ETA 00:00[download] 100.0% of    1.41MiB at    4.93MiB/s ETA 00:00[download] 100% of    1.41MiB in 00:00:00 at 1.46MiB/s   
[vm.tiktok] t: Downloading webpage
tiktok found in message
https://vm.tiktok.com/t/ZTRCu7hSC/
[TikTok] 7163287891739725098: Downloading video feed
[info] 7163287891739725098: Downloading 1 format(s): download_addr-0
[download] Destination: ./dltiktok.mp4
[download]   0.0% of    2.88MiB at  Unknown B/s ETA Unknown[download]   0.1% of    2.88MiB at    1.65MiB/s ETA 00:01  [download]   0.2% of    2.88MiB at    1.45MiB/s ETA 00:01[download]   0.5% of    2.88MiB at    1.85MiB/s ETA 00:01[download]   1.1% of    2.88MiB at    2.27MiB/s ETA 00:01[download]   2.1% of    2.88MiB at    1.58MiB/s ETA 00:01[download]   4.3% of    2.88MiB at    2.02MiB/s ETA 00:01[download]   8.7% of    2.88MiB at    3.20MiB/s ETA 00:00[download]  17.3% of    2.88MiB at    3.76MiB/s ETA 00:00[download]  34.7% of    2.88MiB at    4.56MiB/s ETA 00:00[download]  69.5% of    2.88MiB at    5.25MiB/s ETA 00:00[download] 100.0% of    2.88MiB at    5.46MiB/s ETA 00:00[download] 100% of    2.88MiB in 00:00:01 at 1.84MiB/s   
Ignoring exception in command <nextcord.application_command.SlashApplicationCommand object at 0x7fac2d7250>:
Traceback (most recent call last):
  File "/home/ootami/catenv/lib/python3.9/site-packages/nextcord/application_command.py", line 906, in invoke_callback_with_hooks
    await self(interaction, *args, **kwargs)
  File "/home/ootami/smirkcat/smirkcat.py", line 152, in avatar
    await interaction.send(file=file, embed=embed)
  File "/home/ootami/catenv/lib/python3.9/site-packages/nextcord/interactions.py", line 559, in send
    return await self.response.send_message(
  File "/home/ootami/catenv/lib/python3.9/site-packages/nextcord/interactions.py", line 888, in send_message
    await adapter.create_interaction_response(
  File "/home/ootami/catenv/lib/python3.9/site-packages/nextcord/webhook/async_.py", line 204, in request
    raise NotFound(response, data)
nextcord.errors.NotFound: 404 Not Found (error code: 10062): Unknown interaction

The above exception was the direct cause of the following exception:

nextcord.errors.ApplicationInvokeError: Command raised an exception: NotFound: 404 Not Found (error code: 10062): Unknown interaction
['<@264989823176146945>']
['<@936097488551702578>']
contains your mom
YM same or YM
YM same or YM
YM same or YM
YM same or YM
['maryann']
['maryann']
['lovelyanne']
['lovelyanne']
Logged in as Meow Meow ðŸ™€#6007
### LOGGED IN AS Meow Meow ðŸ™€#6007, guild: bot testing ###
### LOGGED IN AS Meow Meow ðŸ™€#6007, guild: i had sex.. ###
Logged in as Meow Meow ðŸ™€#6007
### LOGGED IN AS Meow Meow ðŸ™€#6007, guild: bot testing ###
### LOGGED IN AS Meow Meow ðŸ™€#6007, guild: i had sex.. ###
True
True
True
True
True
True
True
True
True
True
True
True
True
True
True
True
True
True
True
True
True
True
True
True
True
True
True
True
  File "/home/ootami/dev/smirkcat/smirkcat.py", line 149
    l -= 1
TabError: inconsistent use of tabs and spaces in indentation
  File "/home/ootami/dev/smirkcat/smirkcat.py", line 145
    GPIO.output(8, GPIO.HIGH)
TabError: inconsistent use of tabs and spaces in indentation
Traceback (most recent call last):
  File "/home/ootami/dev/smirkcat/smirkcat.py", line 14, in <module>
    import RPi.GPIO as GPIO
ModuleNotFoundError: No module named 'RPi'
Ignoring exception in command <nextcord.application_command.SlashApplicationCommand object at 0x7faba22190>:
Traceback (most recent call last):
  File "/home/ootami/envs/mm/lib/python3.9/site-packages/nextcord/application_command.py", line 906, in invoke_callback_with_hooks
    await self(interaction, *args, **kwargs)
  File "/home/ootami/dev/smirkcat/smirkcat.py", line 143, in peekaboo
    l = 5 / (speed / 2)
NameError: name 'speed' is not defined

The above exception was the direct cause of the following exception:

nextcord.errors.ApplicationInvokeError: Command raised an exception: NameError: name 'speed' is not defined
Logged in as Meow Meow ðŸ™€#6007
### LOGGED IN AS Meow Meow ðŸ™€#6007, guild: bot testing ###
### LOGGED IN AS Meow Meow ðŸ™€#6007, guild: i had sex.. ###
Ignoring exception in command <nextcord.application_command.SlashApplicationCommand object at 0x7fa3581130>:
Traceback (most recent call last):
  File "/home/ootami/envs/mm/lib/python3.9/site-packages/nextcord/application_command.py", line 906, in invoke_callback_with_hooks
    await self(interaction, *args, **kwargs)
  File "/home/ootami/dev/smirkcat/smirkcat.py", line 146, in peekaboo
    sleep(bot.speed)
NameError: name 'sleep' is not defined

The above exception was the direct cause of the following exception:

nextcord.errors.ApplicationInvokeError: Command raised an exception: NameError: name 'sleep' is not defined
Logged in as Meow Meow ðŸ™€#6007
### LOGGED IN AS Meow Meow ðŸ™€#6007, guild: bot testing ###
### LOGGED IN AS Meow Meow ðŸ™€#6007, guild: i had sex.. ###
Logged in as Meow Meow ðŸ™€#6007
### LOGGED IN AS Meow Meow ðŸ™€#6007, guild: bot testing ###
### LOGGED IN AS Meow Meow ðŸ™€#6007, guild: i had sex.. ###
True
Logged in as Meow Meow ðŸ™€#6007
### LOGGED IN AS Meow Meow ðŸ™€#6007, guild: bot testing ###
### LOGGED IN AS Meow Meow ðŸ™€#6007, guild: i had sex.. ###
True
Logged in as meowmeowtest#1896
### LOGGED IN AS meowmeowtest#1896, guild: bot testing ###
True
True
Logged in as meowmeowtest#1896
### LOGGED IN AS meowmeowtest#1896, guild: bot testing ###
True
True
True
True
True
True
True
True
Logged in as meowmeowtest#1896
### LOGGED IN AS meowmeowtest#1896, guild: bot testing ###
peekaboo
peekaboo
peekaboo
peekaboo
Logged in as meowmeowtest#1896
### LOGGED IN AS meowmeowtest#1896, guild: bot testing ###
peekaboo
peekaboo
peekaboo
peekaboo
Logged in as meowmeowtest#1896
### LOGGED IN AS meowmeowtest#1896, guild: bot testing ###
peekaboo
Logged in as Meow Meow ðŸ™€#6007
### LOGGED IN AS Meow Meow ðŸ™€#6007, guild: bot testing ###
### LOGGED IN AS Meow Meow ðŸ™€#6007, guild: i had sex.. ###
peekaboo
peekaboo
peekaboo
peekaboo
peekaboo
peekaboo
peekaboo
peekaboo
peekaboo
peekaboo
Logged in as Meow Meow ðŸ™€#6007
### LOGGED IN AS Meow Meow ðŸ™€#6007, guild: bot testing ###
### LOGGED IN AS Meow Meow ðŸ™€#6007, guild: i had sex.. ###
peekaboo
peekaboo
peekaboo
peekaboo
peekaboo
peekaboo
peekaboo
peekaboo
peekaboo
peekaboo
peekaboo
peekaboo
peekaboo
peekaboo
peekaboo
peekaboo
peekaboo
peekaboo
peekaboo
peekaboo
peekaboo
peekaboo
peekaboo
peekaboo
peekaboo
peekaboo
['<@457347143481556993>']
[vm.tiktok] t: Downloading webpage
Logged in as Meow Meow ðŸ™€#6007
### LOGGED IN AS Meow Meow ðŸ™€#6007, guild: bot testing ###
### LOGGED IN AS Meow Meow ðŸ™€#6007, guild: i had sex.. ###
peekaboo
peekaboo
peekaboo
peekaboo
peekaboo
peekaboo
peekaboo
tiktok found in message
https://vm.tiktok.com/t/ZTRCgajr7/
[TikTok] 7167906399379410182: Downloading video feed
[info] 7167906399379410182: Downloading 1 format(s): download_addr-0
[download] Destination: ./dltiktok.mp4
[download]   0.1% of    1.85MiB at  Unknown B/s ETA Unknown[download]   0.2% of    1.85MiB at    1.54MiB/s ETA 00:01  [download]   0.4% of    1.85MiB at    2.40MiB/s ETA 00:00[download]   0.8% of    1.85MiB at    3.98MiB/s ETA 00:00[download]   1.6% of    1.85MiB at    6.24MiB/s ETA 00:00[download]   3.3% of    1.85MiB at    4.17MiB/s ETA 00:00[download]   6.7% of    1.85MiB at    2.48MiB/s ETA 00:00[download]  13.5% of    1.85MiB at    2.28MiB/s ETA 00:00[download]  27.0% of    1.85MiB at    2.07MiB/s ETA 00:00[download]  54.1% of    1.85MiB at    2.47MiB/s ETA 00:00[download] 100.0% of    1.85MiB at    2.32MiB/s ETA 00:00[download] 100% of    1.85MiB in 00:00:01 at 1.17MiB/s   
[vm.tiktok] t: Downloading webpage
peekaboo
peekaboo
peekaboo
peekaboo
contains your mom
FEET... im curling my toes
peekaboo
peekaboo
peekaboo
peekaboo
peekaboo
peekaboo
peekaboo
peekaboo
peekaboo
peekaboo
['<@184461745207640066>']
peekaboo
peekaboo
peekaboo
peekaboo
peekaboo
peekaboo
peekaboo
peekaboo
tiktok found in message
https://vm.tiktok.com/t/ZTR464Ttq/
[TikTok] 7172287278079970606: Downloading video feed
WARNING: [TikTok] Expecting value in '': line 1 column 1 (char 0). Retrying... (attempt 1 of 4)
[TikTok] 7172287278079970606: Downloading video feed
WARNING: [TikTok] Expecting value in '': line 1 column 1 (char 0). Retrying... (attempt 2 of 4)
[TikTok] 7172287278079970606: Downloading video feed
WARNING: [TikTok] Expecting value in '': line 1 column 1 (char 0). Retrying... (attempt 3 of 4)
[TikTok] 7172287278079970606: Downloading video feed
WARNING: [TikTok] 7172287278079970606: Failed to parse JSON (caused by JSONDecodeError("Expecting value in '': line 1 column 1 (char 0)")); please report this issue on  https://github.com/yt-dlp/yt-dlp/issues?q= , filling out the appropriate issue template. Confirm you are on the latest version using  yt-dlp -U; trying with webpage
[TikTok] 7172287278079970606: Downloading webpage
[info] 7172287278079970606: Downloading 1 format(s): 0
[download] Destination: ./dltiktok.mp4
[download]   0.1% of    1.80MiB at  196.59KiB/s ETA 00:09[download]   0.2% of    1.80MiB at  499.02KiB/s ETA 00:03[download]   0.4% of    1.80MiB at  972.90KiB/s ETA 00:01[download]   0.8% of    1.80MiB at    1.78MiB/s ETA 00:01[download]   1.7% of    1.80MiB at    2.46MiB/s ETA 00:00[download]   3.4% of    1.80MiB at    2.53MiB/s ETA 00:00[download]   6.9% of    1.80MiB at    2.94MiB/s ETA 00:00[download]  13.8% of    1.80MiB at    4.22MiB/s ETA 00:00[download]  27.7% of    1.80MiB at    3.55MiB/s ETA 00:00[download]  55.5% of    1.80MiB at    4.31MiB/s ETA 00:00[download] 100.0% of    1.80MiB at    4.84MiB/s ETA 00:00[download] 100% of    1.80MiB in 00:00:00 at 3.88MiB/s   
[vm.tiktok] t: Downloading webpage
tiktok found in message
https://vm.tiktok.com/t/ZTR46gn41/
[TikTok] 7143745532308114730: Downloading video feed
WARNING: [TikTok] Expecting value in '': line 1 column 1 (char 0). Retrying... (attempt 1 of 4)
[TikTok] 7143745532308114730: Downloading video feed
WARNING: [TikTok] Expecting value in '': line 1 column 1 (char 0). Retrying... (attempt 2 of 4)
[TikTok] 7143745532308114730: Downloading video feed
WARNING: [TikTok] Expecting value in '': line 1 column 1 (char 0). Retrying... (attempt 3 of 4)
[TikTok] 7143745532308114730: Downloading video feed
WARNING: [TikTok] 7143745532308114730: Failed to parse JSON (caused by JSONDecodeError("Expecting value in '': line 1 column 1 (char 0)")); please report this issue on  https://github.com/yt-dlp/yt-dlp/issues?q= , filling out the appropriate issue template. Confirm you are on the latest version using  yt-dlp -U; trying with webpage
[TikTok] 7143745532308114730: Downloading webpage
[info] 7143745532308114730: Downloading 1 format(s): 0
[download] Destination: ./dltiktok.mp4
[download]   0.0% of   18.34MiB at  124.63KiB/s ETA 02:31[download]   0.0% of   18.34MiB at  322.85KiB/s ETA 00:58[download]   0.0% of   18.34MiB at  688.56KiB/s ETA 00:27[download]   0.1% of   18.34MiB at    1.34MiB/s ETA 00:13[download]   0.2% of   18.34MiB at    1.01MiB/s ETA 00:18[download]   0.3% of   18.34MiB at    1.52MiB/s ETA 00:12[download]   0.7% of   18.34MiB at    1.76MiB/s ETA 00:10[download]   1.4% of   18.34MiB at    2.62MiB/s ETA 00:06[download]   2.7% of   18.34MiB at    2.97MiB/s ETA 00:06[download]   5.4% of   18.34MiB at    3.17MiB/s ETA 00:05[download]  10.9% of   18.34MiB at    3.45MiB/s ETA 00:04[download]  21.8% of   18.34MiB at    3.66MiB/s ETA 00:03[download]  43.0% of   18.34MiB at    3.54MiB/s ETA 00:02[download]  61.7% of   18.34MiB at    3.56MiB/s ETA 00:01[download]  81.5% of   18.34MiB at    3.70MiB/s ETA 00:00[download] 100.0% of   18.34MiB at    3.80MiB/s ETA 00:00[download] 100% of   18.34MiB in 00:00:04 at 3.71MiB/s   
